{"meta": {"format": 3, "version": "7.10.6", "timestamp": "2025-09-13T19:24:03.910534", "branch_coverage": false, "show_contexts": false}, "files": {"database.py": {"executed_lines": [1, 2, 4, 5, 15, 16, 18, 21, 26, 27, 30, 34, 35, 36, 42, 43, 44, 45, 46, 47, 48, 49, 50, 51, 52, 53, 54, 58, 66], "summary": {"covered_lines": 28, "num_statements": 32, "percent_covered": 87.5, "percent_covered_display": "88", "missing_lines": 4, "excluded_lines": 3}, "missing_lines": [59, 60, 61, 63], "excluded_lines": [66, 67, 68], "functions": {"get_db": {"executed_lines": [], "summary": {"covered_lines": 0, "num_statements": 4, "percent_covered": 0.0, "percent_covered_display": "0", "missing_lines": 4, "excluded_lines": 0}, "missing_lines": [59, 60, 61, 63], "excluded_lines": []}, "": {"executed_lines": [1, 2, 4, 5, 15, 16, 18, 21, 26, 27, 30, 34, 35, 36, 42, 43, 44, 45, 46, 47, 48, 49, 50, 51, 52, 53, 54, 58, 66], "summary": {"covered_lines": 28, "num_statements": 28, "percent_covered": 100.0, "percent_covered_display": "100", "missing_lines": 0, "excluded_lines": 3}, "missing_lines": [], "excluded_lines": [66, 67, 68]}}, "classes": {"ProductSchema": {"executed_lines": [], "summary": {"covered_lines": 0, "num_statements": 0, "percent_covered": 100.0, "percent_covered_display": "100", "missing_lines": 0, "excluded_lines": 0}, "missing_lines": [], "excluded_lines": []}, "": {"executed_lines": [1, 2, 4, 5, 15, 16, 18, 21, 26, 27, 30, 34, 35, 36, 42, 43, 44, 45, 46, 47, 48, 49, 50, 51, 52, 53, 54, 58, 66], "summary": {"covered_lines": 28, "num_statements": 32, "percent_covered": 87.5, "percent_covered_display": "88", "missing_lines": 4, "excluded_lines": 3}, "missing_lines": [59, 60, 61, 63], "excluded_lines": [66, 67, 68]}}}, "main.py": {"executed_lines": [1, 2, 4, 5, 6, 7, 8, 11, 18, 19, 21, 28, 29, 31, 33, 34, 53, 54, 61, 64, 67, 70, 73, 75, 80, 81, 83, 84, 85, 87, 90, 91, 94, 103, 104, 110, 112, 113, 114, 116, 119, 120, 125, 126, 127, 130, 135, 138, 141, 145, 155, 156, 162, 163, 164, 166, 168, 169, 171, 174, 175, 177, 178, 179, 181, 182, 184, 187], "summary": {"covered_lines": 67, "num_statements": 69, "percent_covered": 97.10144927536231, "percent_covered_display": "97", "missing_lines": 2, "excluded_lines": 3}, "missing_lines": [40, 41], "excluded_lines": [187, 188, 191], "functions": {"health_check": {"executed_lines": [21], "summary": {"covered_lines": 1, "num_statements": 1, "percent_covered": 100.0, "percent_covered_display": "100", "missing_lines": 0, "excluded_lines": 0}, "missing_lines": [], "excluded_lines": []}, "health_check_db": {"executed_lines": [31, 33, 34], "summary": {"covered_lines": 3, "num_statements": 5, "percent_covered": 60.0, "percent_covered_display": "60", "missing_lines": 2, "excluded_lines": 0}, "missing_lines": [40, 41], "excluded_lines": []}, "get_products": {"executed_lines": [61, 64, 67, 70, 73, 75], "summary": {"covered_lines": 6, "num_statements": 6, "percent_covered": 100.0, "percent_covered_display": "100", "missing_lines": 0, "excluded_lines": 0}, "missing_lines": [], "excluded_lines": []}, "get_product": {"executed_lines": [83, 84, 85, 87], "summary": {"covered_lines": 4, "num_statements": 4, "percent_covered": 100.0, "percent_covered_display": "100", "missing_lines": 0, "excluded_lines": 0}, "missing_lines": [], "excluded_lines": []}, "create_product": {"executed_lines": [94, 103, 104, 110, 112, 113, 114, 116], "summary": {"covered_lines": 8, "num_statements": 8, "percent_covered": 100.0, "percent_covered_display": "100", "missing_lines": 0, "excluded_lines": 0}, "missing_lines": [], "excluded_lines": []}, "update_product": {"executed_lines": [125, 126, 127, 130, 135, 138, 141, 145, 155, 156, 162, 163, 164, 166, 168, 169, 171], "summary": {"covered_lines": 17, "num_statements": 17, "percent_covered": 100.0, "percent_covered_display": "100", "missing_lines": 0, "excluded_lines": 0}, "missing_lines": [], "excluded_lines": []}, "delete_product": {"executed_lines": [177, 178, 179, 181, 182, 184], "summary": {"covered_lines": 6, "num_statements": 6, "percent_covered": 100.0, "percent_covered_display": "100", "missing_lines": 0, "excluded_lines": 0}, "missing_lines": [], "excluded_lines": []}, "": {"executed_lines": [1, 2, 4, 5, 6, 7, 8, 11, 18, 19, 28, 29, 53, 54, 80, 81, 90, 91, 119, 120, 174, 175, 187], "summary": {"covered_lines": 22, "num_statements": 22, "percent_covered": 100.0, "percent_covered_display": "100", "missing_lines": 0, "excluded_lines": 3}, "missing_lines": [], "excluded_lines": [187, 188, 191]}}, "classes": {"": {"executed_lines": [1, 2, 4, 5, 6, 7, 8, 11, 18, 19, 21, 28, 29, 31, 33, 34, 53, 54, 61, 64, 67, 70, 73, 75, 80, 81, 83, 84, 85, 87, 90, 91, 94, 103, 104, 110, 112, 113, 114, 116, 119, 120, 125, 126, 127, 130, 135, 138, 141, 145, 155, 156, 162, 163, 164, 166, 168, 169, 171, 174, 175, 177, 178, 179, 181, 182, 184, 187], "summary": {"covered_lines": 67, "num_statements": 69, "percent_covered": 97.10144927536231, "percent_covered_display": "97", "missing_lines": 2, "excluded_lines": 3}, "missing_lines": [40, 41], "excluded_lines": [187, 188, 191]}}}, "models.py": {"executed_lines": [1, 2, 3, 4, 6, 7, 11, 12, 14, 18, 19, 20, 23, 24, 26, 27, 28, 29, 30, 33, 34, 35, 36, 37, 39, 41, 42, 44, 60, 79, 80, 82, 83, 84, 85, 86, 89, 90, 91, 92, 93, 95, 99, 101, 115, 116, 118, 119, 120, 121, 122, 125, 126, 127, 128, 129, 131, 137, 138, 139, 141, 145, 146, 147, 148, 149, 150], "summary": {"covered_lines": 63, "num_statements": 65, "percent_covered": 96.92307692307692, "percent_covered_display": "97", "missing_lines": 2, "excluded_lines": 0}, "missing_lines": [62, 142], "excluded_lines": [], "functions": {"Product.from_db_model": {"executed_lines": [44], "summary": {"covered_lines": 1, "num_statements": 1, "percent_covered": 100.0, "percent_covered_display": "100", "missing_lines": 0, "excluded_lines": 0}, "missing_lines": [], "excluded_lines": []}, "Product.to_db_model": {"executed_lines": [], "summary": {"covered_lines": 0, "num_statements": 1, "percent_covered": 0.0, "percent_covered_display": "0", "missing_lines": 1, "excluded_lines": 0}, "missing_lines": [62], "excluded_lines": []}, "ProductCreate.to_db_model": {"executed_lines": [101], "summary": {"covered_lines": 1, "num_statements": 1, "percent_covered": 100.0, "percent_covered_display": "100", "missing_lines": 0, "excluded_lines": 0}, "missing_lines": [], "excluded_lines": []}, "PaginationParams.__init__": {"executed_lines": [], "summary": {"covered_lines": 0, "num_statements": 1, "percent_covered": 0.0, "percent_covered_display": "0", "missing_lines": 1, "excluded_lines": 0}, "missing_lines": [142], "excluded_lines": []}, "": {"executed_lines": [1, 2, 3, 4, 6, 7, 11, 12, 14, 18, 19, 20, 23, 24, 26, 27, 28, 29, 30, 33, 34, 35, 36, 37, 39, 41, 42, 60, 79, 80, 82, 83, 84, 85, 86, 89, 90, 91, 92, 93, 95, 99, 115, 116, 118, 119, 120, 121, 122, 125, 126, 127, 128, 129, 131, 137, 138, 139, 141, 145, 146, 147, 148, 149, 150], "summary": {"covered_lines": 61, "num_statements": 61, "percent_covered": 100.0, "percent_covered_display": "100", "missing_lines": 0, "excluded_lines": 0}, "missing_lines": [], "excluded_lines": []}}, "classes": {"BaseEntity": {"executed_lines": [], "summary": {"covered_lines": 0, "num_statements": 0, "percent_covered": 100.0, "percent_covered_display": "100", "missing_lines": 0, "excluded_lines": 0}, "missing_lines": [], "excluded_lines": []}, "Product": {"executed_lines": [44], "summary": {"covered_lines": 1, "num_statements": 2, "percent_covered": 50.0, "percent_covered_display": "50", "missing_lines": 1, "excluded_lines": 0}, "missing_lines": [62], "excluded_lines": []}, "ProductCreate": {"executed_lines": [101], "summary": {"covered_lines": 1, "num_statements": 1, "percent_covered": 100.0, "percent_covered_display": "100", "missing_lines": 0, "excluded_lines": 0}, "missing_lines": [], "excluded_lines": []}, "ProductUpdate": {"executed_lines": [], "summary": {"covered_lines": 0, "num_statements": 0, "percent_covered": 100.0, "percent_covered_display": "100", "missing_lines": 0, "excluded_lines": 0}, "missing_lines": [], "excluded_lines": []}, "PaginationParams": {"executed_lines": [], "summary": {"covered_lines": 0, "num_statements": 1, "percent_covered": 0.0, "percent_covered_display": "0", "missing_lines": 1, "excluded_lines": 0}, "missing_lines": [142], "excluded_lines": []}, "PaginatedResponse": {"executed_lines": [], "summary": {"covered_lines": 0, "num_statements": 0, "percent_covered": 100.0, "percent_covered_display": "100", "missing_lines": 0, "excluded_lines": 0}, "missing_lines": [], "excluded_lines": []}, "": {"executed_lines": [1, 2, 3, 4, 6, 7, 11, 12, 14, 18, 19, 20, 23, 24, 26, 27, 28, 29, 30, 33, 34, 35, 36, 37, 39, 41, 42, 60, 79, 80, 82, 83, 84, 85, 86, 89, 90, 91, 92, 93, 95, 99, 115, 116, 118, 119, 120, 121, 122, 125, 126, 127, 128, 129, 131, 137, 138, 139, 141, 145, 146, 147, 148, 149, 150], "summary": {"covered_lines": 61, "num_statements": 61, "percent_covered": 100.0, "percent_covered_display": "100", "missing_lines": 0, "excluded_lines": 0}, "missing_lines": [], "excluded_lines": []}}}}, "totals": {"covered_lines": 158, "num_statements": 166, "percent_covered": 95.18072289156626, "percent_covered_display": "95", "missing_lines": 8, "excluded_lines": 6}}