{"meta": {"format": 3, "version": "7.10.6", "timestamp": "2025-09-13T19:24:07.308509", "branch_coverage": false, "show_contexts": false}, "files": {"database.py": {"executed_lines": [1, 2, 4, 5, 14, 15, 17, 20, 25, 26, 29, 33, 34, 35, 39, 40, 41, 42, 43, 44, 45, 46, 47, 48, 54, 62], "summary": {"covered_lines": 25, "num_statements": 29, "percent_covered": 86.20689655172414, "percent_covered_display": "86", "missing_lines": 4, "excluded_lines": 3}, "missing_lines": [55, 56, 57, 59], "excluded_lines": [62, 63, 64], "functions": {"get_db": {"executed_lines": [], "summary": {"covered_lines": 0, "num_statements": 4, "percent_covered": 0.0, "percent_covered_display": "0", "missing_lines": 4, "excluded_lines": 0}, "missing_lines": [55, 56, 57, 59], "excluded_lines": []}, "": {"executed_lines": [1, 2, 4, 5, 14, 15, 17, 20, 25, 26, 29, 33, 34, 35, 39, 40, 41, 42, 43, 44, 45, 46, 47, 48, 54, 62], "summary": {"covered_lines": 25, "num_statements": 25, "percent_covered": 100.0, "percent_covered_display": "100", "missing_lines": 0, "excluded_lines": 3}, "missing_lines": [], "excluded_lines": [62, 63, 64]}}, "classes": {"StoreSchema": {"executed_lines": [], "summary": {"covered_lines": 0, "num_statements": 0, "percent_covered": 100.0, "percent_covered_display": "100", "missing_lines": 0, "excluded_lines": 0}, "missing_lines": [], "excluded_lines": []}, "": {"executed_lines": [1, 2, 4, 5, 14, 15, 17, 20, 25, 26, 29, 33, 34, 35, 39, 40, 41, 42, 43, 44, 45, 46, 47, 48, 54, 62], "summary": {"covered_lines": 25, "num_statements": 29, "percent_covered": 86.20689655172414, "percent_covered_display": "86", "missing_lines": 4, "excluded_lines": 3}, "missing_lines": [55, 56, 57, 59], "excluded_lines": [62, 63, 64]}}}, "main.py": {"executed_lines": [1, 2, 4, 5, 6, 7, 8, 11, 18, 19, 21, 28, 29, 31, 33, 34, 53, 54, 61, 64, 67, 70, 73, 75, 80, 81, 83, 84, 85, 87, 90, 91, 94, 102, 103, 109, 111, 112, 113, 115, 118, 119, 124, 125, 126, 129, 133, 136, 140, 149, 150, 156, 157, 158, 160, 162, 163, 165, 168, 169, 171, 172, 173, 175, 176, 178, 181], "summary": {"covered_lines": 66, "num_statements": 68, "percent_covered": 97.05882352941177, "percent_covered_display": "97", "missing_lines": 2, "excluded_lines": 3}, "missing_lines": [40, 41], "excluded_lines": [181, 182, 185], "functions": {"health_check": {"executed_lines": [21], "summary": {"covered_lines": 1, "num_statements": 1, "percent_covered": 100.0, "percent_covered_display": "100", "missing_lines": 0, "excluded_lines": 0}, "missing_lines": [], "excluded_lines": []}, "health_check_db": {"executed_lines": [31, 33, 34], "summary": {"covered_lines": 3, "num_statements": 5, "percent_covered": 60.0, "percent_covered_display": "60", "missing_lines": 2, "excluded_lines": 0}, "missing_lines": [40, 41], "excluded_lines": []}, "get_stores": {"executed_lines": [61, 64, 67, 70, 73, 75], "summary": {"covered_lines": 6, "num_statements": 6, "percent_covered": 100.0, "percent_covered_display": "100", "missing_lines": 0, "excluded_lines": 0}, "missing_lines": [], "excluded_lines": []}, "get_store": {"executed_lines": [83, 84, 85, 87], "summary": {"covered_lines": 4, "num_statements": 4, "percent_covered": 100.0, "percent_covered_display": "100", "missing_lines": 0, "excluded_lines": 0}, "missing_lines": [], "excluded_lines": []}, "create_store": {"executed_lines": [94, 102, 103, 109, 111, 112, 113, 115], "summary": {"covered_lines": 8, "num_statements": 8, "percent_covered": 100.0, "percent_covered_display": "100", "missing_lines": 0, "excluded_lines": 0}, "missing_lines": [], "excluded_lines": []}, "update_store": {"executed_lines": [124, 125, 126, 129, 133, 136, 140, 149, 150, 156, 157, 158, 160, 162, 163, 165], "summary": {"covered_lines": 16, "num_statements": 16, "percent_covered": 100.0, "percent_covered_display": "100", "missing_lines": 0, "excluded_lines": 0}, "missing_lines": [], "excluded_lines": []}, "delete_store": {"executed_lines": [171, 172, 173, 175, 176, 178], "summary": {"covered_lines": 6, "num_statements": 6, "percent_covered": 100.0, "percent_covered_display": "100", "missing_lines": 0, "excluded_lines": 0}, "missing_lines": [], "excluded_lines": []}, "": {"executed_lines": [1, 2, 4, 5, 6, 7, 8, 11, 18, 19, 28, 29, 53, 54, 80, 81, 90, 91, 118, 119, 168, 169, 181], "summary": {"covered_lines": 22, "num_statements": 22, "percent_covered": 100.0, "percent_covered_display": "100", "missing_lines": 0, "excluded_lines": 3}, "missing_lines": [], "excluded_lines": [181, 182, 185]}}, "classes": {"": {"executed_lines": [1, 2, 4, 5, 6, 7, 8, 11, 18, 19, 21, 28, 29, 31, 33, 34, 53, 54, 61, 64, 67, 70, 73, 75, 80, 81, 83, 84, 85, 87, 90, 91, 94, 102, 103, 109, 111, 112, 113, 115, 118, 119, 124, 125, 126, 129, 133, 136, 140, 149, 150, 156, 157, 158, 160, 162, 163, 165, 168, 169, 171, 172, 173, 175, 176, 178, 181], "summary": {"covered_lines": 66, "num_statements": 68, "percent_covered": 97.05882352941177, "percent_covered_display": "97", "missing_lines": 2, "excluded_lines": 3}, "missing_lines": [40, 41], "excluded_lines": [181, 182, 185]}}}, "models.py": {"executed_lines": [1, 2, 3, 5, 6, 10, 11, 13, 17, 18, 19, 22, 23, 24, 25, 26, 27, 28, 29, 31, 33, 34, 36, 49, 65, 66, 68, 69, 70, 71, 72, 73, 74, 76, 80, 82, 93, 94, 96, 97, 98, 99, 100, 101, 102, 104, 110, 111, 112, 114, 118, 119, 120, 121, 122, 123], "summary": {"covered_lines": 53, "num_statements": 55, "percent_covered": 96.36363636363636, "percent_covered_display": "96", "missing_lines": 2, "excluded_lines": 0}, "missing_lines": [51, 115], "excluded_lines": [], "functions": {"Store.from_db_model": {"executed_lines": [36], "summary": {"covered_lines": 1, "num_statements": 1, "percent_covered": 100.0, "percent_covered_display": "100", "missing_lines": 0, "excluded_lines": 0}, "missing_lines": [], "excluded_lines": []}, "Store.to_db_model": {"executed_lines": [], "summary": {"covered_lines": 0, "num_statements": 1, "percent_covered": 0.0, "percent_covered_display": "0", "missing_lines": 1, "excluded_lines": 0}, "missing_lines": [51], "excluded_lines": []}, "StoreCreate.to_db_model": {"executed_lines": [82], "summary": {"covered_lines": 1, "num_statements": 1, "percent_covered": 100.0, "percent_covered_display": "100", "missing_lines": 0, "excluded_lines": 0}, "missing_lines": [], "excluded_lines": []}, "PaginationParams.__init__": {"executed_lines": [], "summary": {"covered_lines": 0, "num_statements": 1, "percent_covered": 0.0, "percent_covered_display": "0", "missing_lines": 1, "excluded_lines": 0}, "missing_lines": [115], "excluded_lines": []}, "": {"executed_lines": [1, 2, 3, 5, 6, 10, 11, 13, 17, 18, 19, 22, 23, 24, 25, 26, 27, 28, 29, 31, 33, 34, 49, 65, 66, 68, 69, 70, 71, 72, 73, 74, 76, 80, 93, 94, 96, 97, 98, 99, 100, 101, 102, 104, 110, 111, 112, 114, 118, 119, 120, 121, 122, 123], "summary": {"covered_lines": 51, "num_statements": 51, "percent_covered": 100.0, "percent_covered_display": "100", "missing_lines": 0, "excluded_lines": 0}, "missing_lines": [], "excluded_lines": []}}, "classes": {"BaseEntity": {"executed_lines": [], "summary": {"covered_lines": 0, "num_statements": 0, "percent_covered": 100.0, "percent_covered_display": "100", "missing_lines": 0, "excluded_lines": 0}, "missing_lines": [], "excluded_lines": []}, "Store": {"executed_lines": [36], "summary": {"covered_lines": 1, "num_statements": 2, "percent_covered": 50.0, "percent_covered_display": "50", "missing_lines": 1, "excluded_lines": 0}, "missing_lines": [51], "excluded_lines": []}, "StoreCreate": {"executed_lines": [82], "summary": {"covered_lines": 1, "num_statements": 1, "percent_covered": 100.0, "percent_covered_display": "100", "missing_lines": 0, "excluded_lines": 0}, "missing_lines": [], "excluded_lines": []}, "StoreUpdate": {"executed_lines": [], "summary": {"covered_lines": 0, "num_statements": 0, "percent_covered": 100.0, "percent_covered_display": "100", "missing_lines": 0, "excluded_lines": 0}, "missing_lines": [], "excluded_lines": []}, "PaginationParams": {"executed_lines": [], "summary": {"covered_lines": 0, "num_statements": 1, "percent_covered": 0.0, "percent_covered_display": "0", "missing_lines": 1, "excluded_lines": 0}, "missing_lines": [115], "excluded_lines": []}, "PaginatedResponse": {"executed_lines": [], "summary": {"covered_lines": 0, "num_statements": 0, "percent_covered": 100.0, "percent_covered_display": "100", "missing_lines": 0, "excluded_lines": 0}, "missing_lines": [], "excluded_lines": []}, "": {"executed_lines": [1, 2, 3, 5, 6, 10, 11, 13, 17, 18, 19, 22, 23, 24, 25, 26, 27, 28, 29, 31, 33, 34, 49, 65, 66, 68, 69, 70, 71, 72, 73, 74, 76, 80, 93, 94, 96, 97, 98, 99, 100, 101, 102, 104, 110, 111, 112, 114, 118, 119, 120, 121, 122, 123], "summary": {"covered_lines": 51, "num_statements": 51, "percent_covered": 100.0, "percent_covered_display": "100", "missing_lines": 0, "excluded_lines": 0}, "missing_lines": [], "excluded_lines": []}}}}, "totals": {"covered_lines": 144, "num_statements": 152, "percent_covered": 94.73684210526316, "percent_covered_display": "95", "missing_lines": 8, "excluded_lines": 6}}