{"meta": {"format": 3, "version": "7.10.6", "timestamp": "2025-09-13T19:24:10.604115", "branch_coverage": false, "show_contexts": false}, "files": {"database.py": {"executed_lines": [1, 2, 4, 5, 6, 7, 9, 12, 17, 18, 21, 25, 26, 28, 29, 30, 31, 32, 33, 34, 35, 36, 42, 50], "summary": {"covered_lines": 23, "num_statements": 27, "percent_covered": 85.18518518518519, "percent_covered_display": "85", "missing_lines": 4, "excluded_lines": 3}, "missing_lines": [43, 44, 45, 47], "excluded_lines": [50, 51, 52], "functions": {"get_db": {"executed_lines": [], "summary": {"covered_lines": 0, "num_statements": 4, "percent_covered": 0.0, "percent_covered_display": "0", "missing_lines": 4, "excluded_lines": 0}, "missing_lines": [43, 44, 45, 47], "excluded_lines": []}, "": {"executed_lines": [1, 2, 4, 5, 6, 7, 9, 12, 17, 18, 21, 25, 26, 28, 29, 30, 31, 32, 33, 34, 35, 36, 42, 50], "summary": {"covered_lines": 23, "num_statements": 23, "percent_covered": 100.0, "percent_covered_display": "100", "missing_lines": 0, "excluded_lines": 3}, "missing_lines": [], "excluded_lines": [50, 51, 52]}}, "classes": {"PriceSchema": {"executed_lines": [], "summary": {"covered_lines": 0, "num_statements": 0, "percent_covered": 100.0, "percent_covered_display": "100", "missing_lines": 0, "excluded_lines": 0}, "missing_lines": [], "excluded_lines": []}, "": {"executed_lines": [1, 2, 4, 5, 6, 7, 9, 12, 17, 18, 21, 25, 26, 28, 29, 30, 31, 32, 33, 34, 35, 36, 42, 50], "summary": {"covered_lines": 23, "num_statements": 27, "percent_covered": 85.18518518518519, "percent_covered_display": "85", "missing_lines": 4, "excluded_lines": 3}, "missing_lines": [43, 44, 45, 47], "excluded_lines": [50, 51, 52]}}}, "main.py": {"executed_lines": [1, 2, 4, 5, 6, 7, 8, 11, 18, 19, 21, 28, 29, 31, 33, 34, 53, 54, 61, 64, 67, 70, 73, 75, 80, 81, 83, 84, 85, 87, 90, 91, 94, 96, 97, 98, 100, 103, 104, 109, 110, 111, 114, 115, 116, 118, 120, 121, 123, 126, 127, 129, 130, 131, 133, 134, 136, 139], "summary": {"covered_lines": 57, "num_statements": 59, "percent_covered": 96.61016949152543, "percent_covered_display": "97", "missing_lines": 2, "excluded_lines": 3}, "missing_lines": [40, 41], "excluded_lines": [139, 140, 143], "functions": {"health_check": {"executed_lines": [21], "summary": {"covered_lines": 1, "num_statements": 1, "percent_covered": 100.0, "percent_covered_display": "100", "missing_lines": 0, "excluded_lines": 0}, "missing_lines": [], "excluded_lines": []}, "health_check_db": {"executed_lines": [31, 33, 34], "summary": {"covered_lines": 3, "num_statements": 5, "percent_covered": 60.0, "percent_covered_display": "60", "missing_lines": 2, "excluded_lines": 0}, "missing_lines": [40, 41], "excluded_lines": []}, "get_prices": {"executed_lines": [61, 64, 67, 70, 73, 75], "summary": {"covered_lines": 6, "num_statements": 6, "percent_covered": 100.0, "percent_covered_display": "100", "missing_lines": 0, "excluded_lines": 0}, "missing_lines": [], "excluded_lines": []}, "get_price": {"executed_lines": [83, 84, 85, 87], "summary": {"covered_lines": 4, "num_statements": 4, "percent_covered": 100.0, "percent_covered_display": "100", "missing_lines": 0, "excluded_lines": 0}, "missing_lines": [], "excluded_lines": []}, "create_price": {"executed_lines": [94, 96, 97, 98, 100], "summary": {"covered_lines": 5, "num_statements": 5, "percent_covered": 100.0, "percent_covered_display": "100", "missing_lines": 0, "excluded_lines": 0}, "missing_lines": [], "excluded_lines": []}, "update_price": {"executed_lines": [109, 110, 111, 114, 115, 116, 118, 120, 121, 123], "summary": {"covered_lines": 10, "num_statements": 10, "percent_covered": 100.0, "percent_covered_display": "100", "missing_lines": 0, "excluded_lines": 0}, "missing_lines": [], "excluded_lines": []}, "delete_price": {"executed_lines": [129, 130, 131, 133, 134, 136], "summary": {"covered_lines": 6, "num_statements": 6, "percent_covered": 100.0, "percent_covered_display": "100", "missing_lines": 0, "excluded_lines": 0}, "missing_lines": [], "excluded_lines": []}, "": {"executed_lines": [1, 2, 4, 5, 6, 7, 8, 11, 18, 19, 28, 29, 53, 54, 80, 81, 90, 91, 103, 104, 126, 127, 139], "summary": {"covered_lines": 22, "num_statements": 22, "percent_covered": 100.0, "percent_covered_display": "100", "missing_lines": 0, "excluded_lines": 3}, "missing_lines": [], "excluded_lines": [139, 140, 143]}}, "classes": {"": {"executed_lines": [1, 2, 4, 5, 6, 7, 8, 11, 18, 19, 21, 28, 29, 31, 33, 34, 53, 54, 61, 64, 67, 70, 73, 75, 80, 81, 83, 84, 85, 87, 90, 91, 94, 96, 97, 98, 100, 103, 104, 109, 110, 111, 114, 115, 116, 118, 120, 121, 123, 126, 127, 129, 130, 131, 133, 134, 136, 139], "summary": {"covered_lines": 57, "num_statements": 59, "percent_covered": 96.61016949152543, "percent_covered_display": "97", "missing_lines": 2, "excluded_lines": 3}, "missing_lines": [40, 41], "excluded_lines": [139, 140, 143]}}}, "models.py": {"executed_lines": [1, 2, 3, 4, 6, 7, 11, 12, 14, 18, 19, 20, 23, 24, 26, 27, 28, 29, 30, 33, 37, 39, 40, 42, 54, 69, 70, 72, 73, 74, 75, 76, 79, 83, 87, 89, 99, 100, 102, 103, 104, 105, 106, 109, 113, 119, 120, 121, 123, 127, 128, 129, 130, 131, 132], "summary": {"covered_lines": 51, "num_statements": 53, "percent_covered": 96.22641509433963, "percent_covered_display": "96", "missing_lines": 2, "excluded_lines": 0}, "missing_lines": [56, 124], "excluded_lines": [], "functions": {"Price.from_db_model": {"executed_lines": [42], "summary": {"covered_lines": 1, "num_statements": 1, "percent_covered": 100.0, "percent_covered_display": "100", "missing_lines": 0, "excluded_lines": 0}, "missing_lines": [], "excluded_lines": []}, "Price.to_db_model": {"executed_lines": [], "summary": {"covered_lines": 0, "num_statements": 1, "percent_covered": 0.0, "percent_covered_display": "0", "missing_lines": 1, "excluded_lines": 0}, "missing_lines": [56], "excluded_lines": []}, "PriceCreate.to_db_model": {"executed_lines": [89], "summary": {"covered_lines": 1, "num_statements": 1, "percent_covered": 100.0, "percent_covered_display": "100", "missing_lines": 0, "excluded_lines": 0}, "missing_lines": [], "excluded_lines": []}, "PaginationParams.__init__": {"executed_lines": [], "summary": {"covered_lines": 0, "num_statements": 1, "percent_covered": 0.0, "percent_covered_display": "0", "missing_lines": 1, "excluded_lines": 0}, "missing_lines": [124], "excluded_lines": []}, "": {"executed_lines": [1, 2, 3, 4, 6, 7, 11, 12, 14, 18, 19, 20, 23, 24, 26, 27, 28, 29, 30, 33, 37, 39, 40, 54, 69, 70, 72, 73, 74, 75, 76, 79, 83, 87, 99, 100, 102, 103, 104, 105, 106, 109, 113, 119, 120, 121, 123, 127, 128, 129, 130, 131, 132], "summary": {"covered_lines": 49, "num_statements": 49, "percent_covered": 100.0, "percent_covered_display": "100", "missing_lines": 0, "excluded_lines": 0}, "missing_lines": [], "excluded_lines": []}}, "classes": {"BaseEntity": {"executed_lines": [], "summary": {"covered_lines": 0, "num_statements": 0, "percent_covered": 100.0, "percent_covered_display": "100", "missing_lines": 0, "excluded_lines": 0}, "missing_lines": [], "excluded_lines": []}, "Price": {"executed_lines": [42], "summary": {"covered_lines": 1, "num_statements": 2, "percent_covered": 50.0, "percent_covered_display": "50", "missing_lines": 1, "excluded_lines": 0}, "missing_lines": [56], "excluded_lines": []}, "PriceCreate": {"executed_lines": [89], "summary": {"covered_lines": 1, "num_statements": 1, "percent_covered": 100.0, "percent_covered_display": "100", "missing_lines": 0, "excluded_lines": 0}, "missing_lines": [], "excluded_lines": []}, "PriceUpdate": {"executed_lines": [], "summary": {"covered_lines": 0, "num_statements": 0, "percent_covered": 100.0, "percent_covered_display": "100", "missing_lines": 0, "excluded_lines": 0}, "missing_lines": [], "excluded_lines": []}, "PaginationParams": {"executed_lines": [], "summary": {"covered_lines": 0, "num_statements": 1, "percent_covered": 0.0, "percent_covered_display": "0", "missing_lines": 1, "excluded_lines": 0}, "missing_lines": [124], "excluded_lines": []}, "PaginatedResponse": {"executed_lines": [], "summary": {"covered_lines": 0, "num_statements": 0, "percent_covered": 100.0, "percent_covered_display": "100", "missing_lines": 0, "excluded_lines": 0}, "missing_lines": [], "excluded_lines": []}, "": {"executed_lines": [1, 2, 3, 4, 6, 7, 11, 12, 14, 18, 19, 20, 23, 24, 26, 27, 28, 29, 30, 33, 37, 39, 40, 54, 69, 70, 72, 73, 74, 75, 76, 79, 83, 87, 99, 100, 102, 103, 104, 105, 106, 109, 113, 119, 120, 121, 123, 127, 128, 129, 130, 131, 132], "summary": {"covered_lines": 49, "num_statements": 49, "percent_covered": 100.0, "percent_covered_display": "100", "missing_lines": 0, "excluded_lines": 0}, "missing_lines": [], "excluded_lines": []}}}}, "totals": {"covered_lines": 131, "num_statements": 139, "percent_covered": 94.24460431654676, "percent_covered_display": "94", "missing_lines": 8, "excluded_lines": 6}}